{"/Users/zhiyong/myProjects/sculpture/dist/index.js":{"path":"/Users/zhiyong/myProjects/sculpture/dist/index.js","s":{"1":1,"2":1,"3":1,"4":1},"b":{},"f":{"1":1},"fnMap":{"1":{"name":"add","line":3,"loc":{"start":{"line":3,"column":0},"end":{"line":3,"column":19}}}},"statementMap":{"1":{"start":{"line":2,"column":0},"end":{"line":2,"column":62}},"2":{"start":{"line":3,"column":0},"end":{"line":5,"column":1}},"3":{"start":{"line":4,"column":4},"end":{"line":4,"column":17}},"4":{"start":{"line":6,"column":0},"end":{"line":6,"column":18}}},"branchMap":{}},"/Users/zhiyong/myProjects/sculpture/dist/getType.js":{"path":"/Users/zhiyong/myProjects/sculpture/dist/getType.js","s":{"1":1,"2":1,"3":2,"4":1,"5":1,"6":1},"b":{"1":[1,1]},"f":{"1":2},"fnMap":{"1":{"name":"getType","line":9,"loc":{"start":{"line":9,"column":0},"end":{"line":9,"column":29}}}},"statementMap":{"1":{"start":{"line":2,"column":0},"end":{"line":2,"column":62}},"2":{"start":{"line":9,"column":0},"end":{"line":14,"column":1}},"3":{"start":{"line":10,"column":4},"end":{"line":12,"column":5}},"4":{"start":{"line":11,"column":8},"end":{"line":11,"column":39}},"5":{"start":{"line":13,"column":4},"end":{"line":13,"column":98}},"6":{"start":{"line":15,"column":0},"end":{"line":15,"column":26}}},"branchMap":{"1":{"line":10,"type":"if","locations":[{"start":{"line":10,"column":4},"end":{"line":10,"column":4}},{"start":{"line":10,"column":4},"end":{"line":10,"column":4}}]}}}}